0001   0000             ;
0002   0000             ; To assembly this, either use the zxasm.bat file:
0003   0000             ;
0004   0000             ; zxasm hello
0005   0000             ;
0006   0000             ; or... assemble with the following options:
0007   0000             ;
0008   0000             ; tasm -80 -b -s hello.asm hello.p
0009   0000             ;
0010   0000             ;==============================================
0011   0000             ;    ZX81 assembler 'Hello World' 
0012   0000             ;==============================================
0013   0000             ;
0014   0000             ;defs
0015   0000             #include "zx81defs.asm"
0001+  0000             ;defines to make us feel more at home
0002+  0000             #define         DEFB .BYTE
0003+  0000             #define         DEFW .WORD
0004+  0000             #define         DEFM .TEXT
0005+  0000             #define         ORG  .ORG
0006+  0000             #define         EQU  .EQU
0016   0000             ;EQUs for ROM routines
0017   0000             #include "zx81rom.asm"
0001+  0000             ;ZX81 ROM routines
0002+  0000             PRINT			EQU $10
0003+  0000             PRINTAT			EQU $08F5
0004+  0000             DISPROUT		EQU $0281
0005+  0000             DISPLAY_3		EQU $0292 ;restore registers after a 'slow' display
0006+  0000             DISPLAY_5		EQU $02B5
0007+  0000             PLOT			EQU $0BB2 	; note ROM plot is 0baf - however first thing it does try to pull BC from the calculator stack
0008+  0000             							; so we'll skip past that and set BC ourselves
0009+  0000             CLS				EQU $0A2A
0010+  0000             KSCAN           EQU $02BB 
0011+  0000             FINDCHR         EQU $07BD
0012+  0000             COPY            EQU $0869
0013+  0000             FAST            EQU $0F23
0014+  0000             SLOW            EQU $0F2B
0015+  0000             SLOWORFAST		EQU $0207
0016+  0000             ;sys vars
0017+  0000             ERR_NR			EQU $40000018   0000             ;ZX81 char codes/how to survive without ASCII
0019   0000             #include "charcodes.asm"
0001+  0000             ; ZX81 Characters.
0002+  0000             __:				EQU	$00	;spacja
0003+  0000             _QT:			EQU	$0B	;"
0004+  0000             _PD:			EQU	$0C	;funt
0005+  0000             _SD:			EQU	$0D	;$
0006+  0000             _CL:			EQU	$0E	;:
0007+  0000             _QM:			EQU	$0F	;?
0008+  0000             _OP:			EQU	$10	;(
0009+  0000             _CP:			EQU	$11	;)
0010+  0000             _GT:			EQU	$12	;>
0011+  0000             _LT:			EQU	$13	;<
0012+  0000             _EQ:			EQU	$14	;=
0013+  0000             _PL:			EQU	$15	;+
0014+  0000             _MI:			EQU	$16	;-
0015+  0000             _AS:			EQU	$17	;*
0016+  0000             _SL:			EQU	$18	;/
0017+  0000             _SC:			EQU	$19	;;
0018+  0000             _CM:			EQU	$1A	;,
0019+  0000             _DT:			EQU	$1B	;.
0020+  0000             _NL:			EQU	$76	;NEWLINE
0021+  0000             
0022+  0000             _0				EQU $1C
0023+  0000             _1				EQU $1D
0024+  0000             _2				EQU $1E
0025+  0000             _3				EQU $1F
0026+  0000             _4				EQU $20
0027+  0000             _5				EQU $21
0028+  0000             _6				EQU $22
0029+  0000             _7				EQU $23
0030+  0000             _8				EQU $24
0031+  0000             _9				EQU $25
0032+  0000             _A				EQU $26
0033+  0000             _B				EQU $27
0034+  0000             _C				EQU $28
0035+  0000             _D				EQU $29
0036+  0000             _E				EQU $2A
0037+  0000             _F				EQU $2B
0038+  0000             _G				EQU $2C
0039+  0000             _H				EQU $2D
0040+  0000             _I				EQU $2E
0041+  0000             _J				EQU $2F
0042+  0000             _K				EQU $30
0043+  0000             _L				EQU $31
0044+  0000             _M				EQU $32
0045+  0000             _N				EQU $33
0046+  0000             _O				EQU $34
0047+  0000             _P				EQU $35
0048+  0000             _Q				EQU $36
0049+  0000             _R				EQU $37
0050+  0000             _S				EQU $38
0051+  0000             _T				EQU $39
0052+  0000             _U				EQU $3A
0053+  0000             _V				EQU $3B
0054+  0000             _W				EQU $3C
0055+  0000             _X				EQU $3D
0056+  0000             _Y				EQU $3E
0057+  0000             _Z				EQU $3F
0020   0000             ;system variables
0021   0000             #include "zx81sys.asm"
0001+  0000             ;system variables
0002+  0000             ;Origin of a ZX81 file is always 16393
0003+  0000             
0004+  4009                             ORG 16393
0005+  4009                             
0006+  4009             ; System variables live here
0007+  4009 00          VERSN:          DEFB 0
0008+  400A 02 00       E_PPC:          DEFW 2
0009+  400C BB 40       D_FILE:         DEFW Display
0010+  400E BC 40       DF_CC:          DEFW Display+1                  ; First character of display
0011+  4010 D4 43       VARS:           DEFW Variables
0012+  4012 00 00       DEST:           DEFW 0
0013+  4014 D5 43       E_LINE:         DEFW BasicEnd 
0014+  4016 D9 43       CH_ADD:         DEFW BasicEnd+4                 ; Simulate SAVE "X"
0015+  4018 00 00       X_PTR:          DEFW 0
0016+  401A DA 43       STKBOT:         DEFW BasicEnd+5
0017+  401C DA 43       STKEND:         DEFW BasicEnd+5                 ; Empty stack
0018+  401E 00          BREG:           DEFB 0
0019+  401F 5D 40       MEM:            DEFW MEMBOT
0020+  4021 00          UNUSED1:        DEFB 0
0021+  4022 02          DF_SZ:          DEFB 2
0022+  4023 02 00       S_TOP:          DEFW $0002                      ; Top program line number
0023+  4025 BF FD       LAST_K:         DEFW $fdbf
0024+  4027 0F          DEBOUN:         DEFB 15
0025+  4028 37          MARGIN:         DEFB 55
0026+  4029 A9 40       NXTLIN:         DEFW Line2                      ; Next line address
0027+  402B 00 00       OLDPPC:         DEFW 0
0028+  402D 00          FLAGX:          DEFB 0
0029+  402E 00 00       STRLEN:         DEFW 0
0030+  4030 8D 0C       T_ADDR:         DEFW $0c8d
0031+  4032 00 00       SEED:           DEFW 0
0032+  4034 A3 F5       FRAMES:         DEFW $f5a3
0033+  4036 00 00       COORDS:         DEFW 0
0034+  4038 BC          PR_CC:          DEFB $bc
0035+  4039 21 18       S_POSN:         DEFW $1821
0036+  403B 40          CDFLAG:         DEFB $40
0037+  403C 00 00 00 00 PRBUFF:         DEFB 0,0,0,0,0,0,0,0,0,0,0,0,0,0,0,0,0,0,0,0,0,0,0,0,0,0,0,0,0,0,0,0,$76 ; 32 Spaces + Newline
0037+  4040 00 00 00 00 
0037+  4044 00 00 00 00 
0037+  4048 00 00 00 00 
0037+  404C 00 00 00 00 
0037+  4050 00 00 00 00 
0037+  4054 00 00 00 00 
0037+  4058 00 00 00 00 
0037+  405C 76 
0038+  405D 00 00 00 00 MEMBOT:         DEFB 0,0,0,0,0,0,0,0,0,0,$84,$20,0,0,0,0,0,0,0,0,0,0,0,0,0,0,0,0,0,0 ; 30 zeros
0038+  4061 00 00 00 00 
0038+  4065 00 00 84 20 
0038+  4069 00 00 00 00 
0038+  406D 00 00 00 00 
0038+  4071 00 00 00 00 
0038+  4075 00 00 00 00 
0038+  4079 00 00 
0039+  407B 00 00       UNUNSED2:       DEFW 0
0040+  407D             
0041+  407D             ; End of system variables
0042+  407D             
0022   407D             
0023   407D             ;the standard REM statement that will contain our 'hex' code
0024   407D             #include "line1.asm"
0001+  407D             ;Line 1
0002+  407D             ;this is the REM statement...
0003+  407D 00 00       Line1:          DEFB $00,$00                    ; Line 1
0004+  407F 28 00                       DEFW Line1End-Line1Text         ; Line 1 length
0005+  4081 EA          Line1Text:      DEFB $ea                        ; REM             
0006+  4082             
0025   4082             
0026   4082             ;------------------------------------------------------------
0027   4082             ; code starts here and gets added to the end of the REM 
0028   4082             ;------------------------------------------------------------
0029   4082 01 01 00    	ld bc,1
0030   4085 11 9C 40    	ld de,hello_txt
0031   4088 CD 8C 40    	call dispstring
0032   408B             
0033   408B             ;back to BASIC	
0034   408B C9          	ret
0035   408C             
0036   408C             ;Subroutines	
0037   408C             ;display a string
0038   408C             dispstring
0039   408C             ;write directly to the screen
0040   408C 2A 0C 40    	ld hl,(D_FILE)
0041   408F 09          	add hl,bc	
0042   4090             loop2
0043   4090 1A          	ld a,(de)
0044   4091 FE FF       	cp $ff
0045   4093 CA 9B 40    	jp z,loop2End
0046   4096 77          	ld (hl),a
0047   4097 23          	inc hl
0048   4098 13          	inc de
0049   4099 18 F5       	jr loop2
0050   409B             loop2End	
0051   409B C9          	ret	
0052   409C             ;include our variables
0053   409C             #include "vars.asm"
0001+  409C             ;our variables
0002+  409C             hello_txt
0003+  409C 2D 2A 31 31 		DEFB	_H,_E,_L,_L,_O,__,_W,_O,_R,_L,_D,$ff
0003+  40A0 34 00 3C 34 
0003+  40A4 37 31 29 FF 
0054   40A8             
0055   40A8             ; ===========================================================
0056   40A8             ; code ends
0057   40A8             ; ===========================================================
0058   40A8             ;end the REM line and put in the RAND USR line to call our 'hex code'
0059   40A8             #include "line2.asm"
0001+  40A8             ;this is the end of line 1 - the REM			
0002+  40A8 76          				DEFB $76                        ; Newline				
0003+  40A9             ;followed by the the RAND USR line				
0004+  40A9             Line1End       
0005+  40A9 00 0A       Line2			DEFB $00,$0a
0006+  40AB 0E 00                       DEFW Line2End-Line2Text
0007+  40AD F9 D4       Line2Text     	DEFB $F9,$D4                    ; RAND USR
0008+  40AF 1D 22 21 1D 				DEFB $1D,$22,$21,$1D,$20        ; 16514                
0008+  40B3 20 
0009+  40B4 7E                          DEFB $7E                        ; Number
0010+  40B5 8F 01 04 00                 DEFB $8F,$01,$04,$00,$00        ; Numeric encoding
0010+  40B9 00 
0011+  40BA 76                          DEFB $76                        ; Newline
0012+  40BB             Line2End 
0060   40BB             
0061   40BB             ;display file defintion
0062   40BB             #include "screen.asm"               
0001+  40BB             ;ZX81 screens
0002+  40BB             ; Display file (ZX81 screen) - low res screen
0003+  40BB 76          Display        	DEFB $76     
0004+  40BC 00 00 00 00                 DEFB $00,$00,$00,$00,$00,$00,$00,$00,$00,$00,$00,$00,$00,$00,$00,$00,$00,$00,$00,$00,$00,$00,$00,$00,$00,$00,$00,$00,$00,$00,$00,$00,$76 ; Line 0
0004+  40C0 00 00 00 00 
0004+  40C4 00 00 00 00 
0004+  40C8 00 00 00 00 
0004+  40CC 00 00 00 00 
0004+  40D0 00 00 00 00 
0004+  40D4 00 00 00 00 
0004+  40D8 00 00 00 00 
0004+  40DC 76 
0005+  40DD 00 00 00 00                 DEFB $00,$00,$00,$00,$00,$00,$00,$00,$00,$00,$00,$00,$00,$00,$00,$00,$00,$00,$00,$00,$00,$00,$00,$00,$00,$00,$00,$00,$00,$00,$00,$00,$76 ; Line 1
0005+  40E1 00 00 00 00 
0005+  40E5 00 00 00 00 
0005+  40E9 00 00 00 00 
0005+  40ED 00 00 00 00 
0005+  40F1 00 00 00 00 
0005+  40F5 00 00 00 00 
0005+  40F9 00 00 00 00 
0005+  40FD 76 
0006+  40FE 00 00 00 00                 DEFB $00,$00,$00,$00,$00,$00,$00,$00,$00,$00,$00,$00,$00,$00,$00,$00,$00,$00,$00,$00,$00,$00,$00,$00,$00,$00,$00,$00,$00,$00,$00,$00,$76 ; Line 2
0006+  4102 00 00 00 00 
0006+  4106 00 00 00 00 
0006+  410A 00 00 00 00 
0006+  410E 00 00 00 00 
0006+  4112 00 00 00 00 
0006+  4116 00 00 00 00 
0006+  411A 00 00 00 00 
0006+  411E 76 
0007+  411F 00 00 00 00                 DEFB $00,$00,$00,$00,$00,$00,$00,$00,$00,$00,$00,$00,$00,$00,$00,$00,$00,$00,$00,$00,$00,$00,$00,$00,$00,$00,$00,$00,$00,$00,$00,$00,$76 ; Line 3
0007+  4123 00 00 00 00 
0007+  4127 00 00 00 00 
0007+  412B 00 00 00 00 
0007+  412F 00 00 00 00 
0007+  4133 00 00 00 00 
0007+  4137 00 00 00 00 
0007+  413B 00 00 00 00 
0007+  413F 76 
0008+  4140 00 00 00 00                 DEFB $00,$00,$00,$00,$00,$00,$00,$00,$00,$00,$00,$00,$00,$00,$00,$00,$00,$00,$00,$00,$00,$00,$00,$00,$00,$00,$00,$00,$00,$00,$00,$00,$76 ; Line 4
0008+  4144 00 00 00 00 
0008+  4148 00 00 00 00 
0008+  414C 00 00 00 00 
0008+  4150 00 00 00 00 
0008+  4154 00 00 00 00 
0008+  4158 00 00 00 00 
0008+  415C 00 00 00 00 
0008+  4160 76 
0009+  4161 00 00 00 00                 DEFB $00,$00,$00,$00,$00,$00,$00,$00,$00,$00,$00,$00,$00,$00,$00,$00,$00,$00,$00,$00,$00,$00,$00,$00,$00,$00,$00,$00,$00,$00,$00,$00,$76 ; Line 5
0009+  4165 00 00 00 00 
0009+  4169 00 00 00 00 
0009+  416D 00 00 00 00 
0009+  4171 00 00 00 00 
0009+  4175 00 00 00 00 
0009+  4179 00 00 00 00 
0009+  417D 00 00 00 00 
0009+  4181 76 
0010+  4182 00 00 00 00                 DEFB $00,$00,$00,$00,$00,$00,$00,$00,$00,$00,$00,$00,$00,$00,$00,$00,$00,$00,$00,$00,$00,$00,$00,$00,$00,$00,$00,$00,$00,$00,$00,$00,$76 ; Line 6
0010+  4186 00 00 00 00 
0010+  418A 00 00 00 00 
0010+  418E 00 00 00 00 
0010+  4192 00 00 00 00 
0010+  4196 00 00 00 00 
0010+  419A 00 00 00 00 
0010+  419E 00 00 00 00 
0010+  41A2 76 
0011+  41A3 00 00 00 00                 DEFB $00,$00,$00,$00,$00,$00,$00,$00,$00,$00,$00,$00,$00,$00,$00,$00,$00,$00,$00,$00,$00,$00,$00,$00,$00,$00,$00,$00,$00,$00,$00,$00,$76 ; Line 7
0011+  41A7 00 00 00 00 
0011+  41AB 00 00 00 00 
0011+  41AF 00 00 00 00 
0011+  41B3 00 00 00 00 
0011+  41B7 00 00 00 00 
0011+  41BB 00 00 00 00 
0011+  41BF 00 00 00 00 
0011+  41C3 76 
0012+  41C4 00 00 00 00                 DEFB $00,$00,$00,$00,$00,$00,$00,$00,$00,$00,$00,$00,$00,$00,$00,$00,$00,$00,$00,$00,$00,$00,$00,$00,$00,$00,$00,$00,$00,$00,$00,$00,$76 ; Line 8
0012+  41C8 00 00 00 00 
0012+  41CC 00 00 00 00 
0012+  41D0 00 00 00 00 
0012+  41D4 00 00 00 00 
0012+  41D8 00 00 00 00 
0012+  41DC 00 00 00 00 
0012+  41E0 00 00 00 00 
0012+  41E4 76 
0013+  41E5 00 00 00 00                 DEFB $00,$00,$00,$00,$00,$00,$00,$00,$00,$00,$00,$00,$00,$00,$00,$00,$00,$00,$00,$00,$00,$00,$00,$00,$00,$00,$00,$00,$00,$00,$00,$00,$76 ; Line 9
0013+  41E9 00 00 00 00 
0013+  41ED 00 00 00 00 
0013+  41F1 00 00 00 00 
0013+  41F5 00 00 00 00 
0013+  41F9 00 00 00 00 
0013+  41FD 00 00 00 00 
0013+  4201 00 00 00 00 
0013+  4205 76 
0014+  4206 00 00 00 00                 DEFB $00,$00,$00,$00,$00,$00,$00,$00,$00,$00,$00,$00,$00,$00,$00,$00,$00,$00,$00,$00,$00,$00,$00,$00,$00,$00,$00,$00,$00,$00,$00,$00,$76 ; Line 10
0014+  420A 00 00 00 00 
0014+  420E 00 00 00 00 
0014+  4212 00 00 00 00 
0014+  4216 00 00 00 00 
0014+  421A 00 00 00 00 
0014+  421E 00 00 00 00 
0014+  4222 00 00 00 00 
0014+  4226 76 
0015+  4227 00 00 00 00                 DEFB $00,$00,$00,$00,$00,$00,$00,$00,$00,$00,$00,$00,$00,$00,$00,$00,$00,$00,$00,$00,$00,$00,$00,$00,$00,$00,$00,$00,$00,$00,$00,$00,$76 ; Line 11
0015+  422B 00 00 00 00 
0015+  422F 00 00 00 00 
0015+  4233 00 00 00 00 
0015+  4237 00 00 00 00 
0015+  423B 00 00 00 00 
0015+  423F 00 00 00 00 
0015+  4243 00 00 00 00 
0015+  4247 76 
0016+  4248 00 00 00 00                 DEFB $00,$00,$00,$00,$00,$00,$00,$00,$00,$00,$00,$00,$00,$00,$00,$00,$00,$00,$00,$00,$00,$00,$00,$00,$00,$00,$00,$00,$00,$00,$00,$00,$76 ; Line 12
0016+  424C 00 00 00 00 
0016+  4250 00 00 00 00 
0016+  4254 00 00 00 00 
0016+  4258 00 00 00 00 
0016+  425C 00 00 00 00 
0016+  4260 00 00 00 00 
0016+  4264 00 00 00 00 
0016+  4268 76 
0017+  4269 00 00 00 00                 DEFB $00,$00,$00,$00,$00,$00,$00,$00,$00,$00,$00,$00,$00,$00,$00,$00,$00,$00,$00,$00,$00,$00,$00,$00,$00,$00,$00,$00,$00,$00,$00,$00,$76 ; Line 13
0017+  426D 00 00 00 00 
0017+  4271 00 00 00 00 
0017+  4275 00 00 00 00 
0017+  4279 00 00 00 00 
0017+  427D 00 00 00 00 
0017+  4281 00 00 00 00 
0017+  4285 00 00 00 00 
0017+  4289 76 
0018+  428A 00 00 00 00                 DEFB $00,$00,$00,$00,$00,$00,$00,$00,$00,$00,$00,$00,$00,$00,$00,$00,$00,$00,$00,$00,$00,$00,$00,$00,$00,$00,$00,$00,$00,$00,$00,$00,$76 ; Line 14
0018+  428E 00 00 00 00 
0018+  4292 00 00 00 00 
0018+  4296 00 00 00 00 
0018+  429A 00 00 00 00 
0018+  429E 00 00 00 00 
0018+  42A2 00 00 00 00 
0018+  42A6 00 00 00 00 
0018+  42AA 76 
0019+  42AB 00 00 00 00                 DEFB $00,$00,$00,$00,$00,$00,$00,$00,$00,$00,$00,$00,$00,$00,$00,$00,$00,$00,$00,$00,$00,$00,$00,$00,$00,$00,$00,$00,$00,$00,$00,$00,$76 ; Line 15
0019+  42AF 00 00 00 00 
0019+  42B3 00 00 00 00 
0019+  42B7 00 00 00 00 
0019+  42BB 00 00 00 00 
0019+  42BF 00 00 00 00 
0019+  42C3 00 00 00 00 
0019+  42C7 00 00 00 00 
0019+  42CB 76 
0020+  42CC 00 00 00 00                 DEFB $00,$00,$00,$00,$00,$00,$00,$00,$00,$00,$00,$00,$00,$00,$00,$00,$00,$00,$00,$00,$00,$00,$00,$00,$00,$00,$00,$00,$00,$00,$00,$00,$76 ; Line 16
0020+  42D0 00 00 00 00 
0020+  42D4 00 00 00 00 
0020+  42D8 00 00 00 00 
0020+  42DC 00 00 00 00 
0020+  42E0 00 00 00 00 
0020+  42E4 00 00 00 00 
0020+  42E8 00 00 00 00 
0020+  42EC 76 
0021+  42ED 00 00 00 00                 DEFB $00,$00,$00,$00,$00,$00,$00,$00,$00,$00,$00,$00,$00,$00,$00,$00,$00,$00,$00,$00,$00,$00,$00,$00,$00,$00,$00,$00,$00,$00,$00,$00,$76 ; Line 17
0021+  42F1 00 00 00 00 
0021+  42F5 00 00 00 00 
0021+  42F9 00 00 00 00 
0021+  42FD 00 00 00 00 
0021+  4301 00 00 00 00 
0021+  4305 00 00 00 00 
0021+  4309 00 00 00 00 
0021+  430D 76 
0022+  430E 00 00 00 00                 DEFB $00,$00,$00,$00,$00,$00,$00,$00,$00,$00,$00,$00,$00,$00,$00,$00,$00,$00,$00,$00,$00,$00,$00,$00,$00,$00,$00,$00,$00,$00,$00,$00,$76 ; Line 18
0022+  4312 00 00 00 00 
0022+  4316 00 00 00 00 
0022+  431A 00 00 00 00 
0022+  431E 00 00 00 00 
0022+  4322 00 00 00 00 
0022+  4326 00 00 00 00 
0022+  432A 00 00 00 00 
0022+  432E 76 
0023+  432F 00 00 00 00                 DEFB $00,$00,$00,$00,$00,$00,$00,$00,$00,$00,$00,$00,$00,$00,$00,$00,$00,$00,$00,$00,$00,$00,$00,$00,$00,$00,$00,$00,$00,$00,$00,$00,$76 ; Line 19
0023+  4333 00 00 00 00 
0023+  4337 00 00 00 00 
0023+  433B 00 00 00 00 
0023+  433F 00 00 00 00 
0023+  4343 00 00 00 00 
0023+  4347 00 00 00 00 
0023+  434B 00 00 00 00 
0023+  434F 76 
0024+  4350 00 00 00 00                 DEFB $00,$00,$00,$00,$00,$00,$00,$00,$00,$00,$00,$00,$00,$00,$00,$00,$00,$00,$00,$00,$00,$00,$00,$00,$00,$00,$00,$00,$00,$00,$00,$00,$76 ; Line 20
0024+  4354 00 00 00 00 
0024+  4358 00 00 00 00 
0024+  435C 00 00 00 00 
0024+  4360 00 00 00 00 
0024+  4364 00 00 00 00 
0024+  4368 00 00 00 00 
0024+  436C 00 00 00 00 
0024+  4370 76 
0025+  4371 00 00 00 00                 DEFB $00,$00,$00,$00,$00,$00,$00,$00,$00,$00,$00,$00,$00,$00,$00,$00,$00,$00,$00,$00,$00,$00,$00,$00,$00,$00,$00,$00,$00,$00,$00,$00,$76 ; Line 21
0025+  4375 00 00 00 00 
0025+  4379 00 00 00 00 
0025+  437D 00 00 00 00 
0025+  4381 00 00 00 00 
0025+  4385 00 00 00 00 
0025+  4389 00 00 00 00 
0025+  438D 00 00 00 00 
0025+  4391 76 
0026+  4392 00 00 00 00                 DEFB $00,$00,$00,$00,$00,$00,$00,$00,$00,$00,$00,$00,$00,$00,$00,$00,$00,$00,$00,$00,$00,$00,$00,$00,$00,$00,$00,$00,$00,$00,$00,$00,$76 ; Line 22
0026+  4396 00 00 00 00 
0026+  439A 00 00 00 00 
0026+  439E 00 00 00 00 
0026+  43A2 00 00 00 00 
0026+  43A6 00 00 00 00 
0026+  43AA 00 00 00 00 
0026+  43AE 00 00 00 00 
0026+  43B2 76 
0027+  43B3 00 00 00 00                 DEFB $00,$00,$00,$00,$00,$00,$00,$00,$00,$00,$00,$00,$00,$00,$00,$00,$00,$00,$00,$00,$00,$00,$00,$00,$00,$00,$00,$00,$00,$00,$00,$00,$76 ; Line 23
0027+  43B7 00 00 00 00 
0027+  43BB 00 00 00 00 
0027+  43BF 00 00 00 00 
0027+  43C3 00 00 00 00 
0027+  43C7 00 00 00 00 
0027+  43CB 00 00 00 00 
0027+  43CF 00 00 00 00 
0027+  43D3 76 
0028+  43D4             
0063   43D4             
0064   43D4             ;close out the basic program
0065   43D4             #include "endbasic.asm"
0001+  43D4             ; close out the BASIC program structure
0002+  43D4             ; BASIC Variables area
0003+  43D4             Variables:      
0004+  43D4 80          VariablesEnd:   DEFB $80
0005+  43D5             BasicEnd:                              
0006+  43D5             
0007+  43D5             
0008+  43D5             #END
0066   43D5             						
tasm: Number of errors = 0
